<?xml version="1.0" encoding="UTF-8"?>
<!-- Generated by org.testng.reporters.JUnitReportReporter -->
<testsuite hostname="GI-DT-NOC11" name="ProjectFlight.Goibibo_International_Flight.Goibibo_International_Flight_vertical" tests="9" failures="0" timestamp="10 Mar 2020 11:18:56 GMT" time="21.100" errors="0">
  <testcase name="journy_date" time="0.237" classname="ProjectFlight.Goibibo_International_Flight.Goibibo_International_Flight_vertical"/>
  <testcase name="search_button" time="0.512" classname="ProjectFlight.Goibibo_International_Flight.Goibibo_International_Flight_vertical"/>
  <testcase name="Icon" time="1.908" classname="ProjectFlight.Goibibo_International_Flight.Goibibo_International_Flight_vertical"/>
  <testcase name="book_flight" time="8.602" classname="ProjectFlight.Goibibo_International_Flight.Goibibo_International_Flight_vertical"/>
  <testcase name="traveller_details" time="0.816" classname="ProjectFlight.Goibibo_International_Flight.Goibibo_International_Flight_vertical"/>
  <testcase name="Proceed_to_payment" time="6.558" classname="ProjectFlight.Goibibo_International_Flight.Goibibo_International_Flight_vertical"/>
  <testcase name="insurance_selection" time="1.071" classname="ProjectFlight.Goibibo_International_Flight.Goibibo_International_Flight_vertical"/>
  <testcase name="Source" time="0.892" classname="ProjectFlight.Goibibo_International_Flight.Goibibo_International_Flight_vertical"/>
  <testcase name="Destination" time="0.504" classname="ProjectFlight.Goibibo_International_Flight.Goibibo_International_Flight_vertical"/>
</testsuite> <!-- ProjectFlight.Goibibo_International_Flight.Goibibo_International_Flight_vertical -->
