<?xml version="1.0" encoding="UTF-8"?>
<!-- Generated by org.testng.reporters.JUnitReportReporter -->
<testsuite hostname="GI-DT-NOC11" name="ProjectFlight.Goibibo_International_Flight.Goibibo_International_Flight_vertical" tests="9" failures="0" timestamp="9 Mar 2020 22:47:26 GMT" time="18.121" errors="0">
  <testcase name="Source" time="1.482" classname="ProjectFlight.Goibibo_International_Flight.Goibibo_International_Flight_vertical"/>
  <testcase name="insurance_selection" time="1.266" classname="ProjectFlight.Goibibo_International_Flight.Goibibo_International_Flight_vertical"/>
  <testcase name="Destination" time="0.404" classname="ProjectFlight.Goibibo_International_Flight.Goibibo_International_Flight_vertical"/>
  <testcase name="journy_date" time="0.287" classname="ProjectFlight.Goibibo_International_Flight.Goibibo_International_Flight_vertical"/>
  <testcase name="traveller_details" time="0.788" classname="ProjectFlight.Goibibo_International_Flight.Goibibo_International_Flight_vertical"/>
  <testcase name="Proceed_to_payment" time="7.379" classname="ProjectFlight.Goibibo_International_Flight.Goibibo_International_Flight_vertical"/>
  <testcase name="Icon" time="1.931" classname="ProjectFlight.Goibibo_International_Flight.Goibibo_International_Flight_vertical"/>
  <testcase name="search_button" time="1.127" classname="ProjectFlight.Goibibo_International_Flight.Goibibo_International_Flight_vertical"/>
  <testcase name="book_flight" time="3.457" classname="ProjectFlight.Goibibo_International_Flight.Goibibo_International_Flight_vertical"/>
</testsuite> <!-- ProjectFlight.Goibibo_International_Flight.Goibibo_International_Flight_vertical -->
